{"time":"2025-11-29T06:33:15.728811872-05:00","level":"INFO","msg":"Sentry initialized","dsn":"https://962d173a894d***","environment":"PROD","release":"6.2.10","sandbox_id":"ioprp7rk4xs2umjduleu3"}
{"time":"2025-11-29T06:33:15.729366296-05:00","level":"INFO","msg":"Sentry initialized successfully"}
{"time":"2025-11-29T06:33:15.729377099-05:00","level":"INFO","msg":"State sync service starting","log_file":"/home/ubuntu/.logs/state-sync/state-sync.log"}
{"time":"2025-11-29T06:33:15.729489234-05:00","level":"INFO","msg":"Starting state sync service"}
{"time":"2025-11-29T06:33:15.729504064-05:00","level":"INFO","msg":"Pulling initial state from S3"}
{"time":"2025-11-29T06:33:15.729514032-05:00","level":"INFO","msg":"Pull not allowed currently, will retry when config changes"}
{"time":"2025-11-29T06:33:15.729517563-05:00","level":"INFO","msg":"Connecting to browser","port":"9222"}
{"time":"2025-11-29T06:33:15.73808365-05:00","level":"INFO","msg":"Found chrome://newtab/ to reuse","target_id":"622A30C49BD3262C18957220C7C84A9E"}
{"time":"2025-11-29T06:33:15.738143102-05:00","level":"INFO","msg":"Reusing existing target for cookie sync","target_id":"622A30C49BD3262C18957220C7C84A9E"}
{"time":"2025-11-29T06:33:15.738159282-05:00","level":"INFO","msg":"Successfully connected to browser"}
{"time":"2025-11-29T06:33:15.738163637-05:00","level":"INFO","msg":"Syncing state to browser"}
{"time":"2025-11-29T06:33:15.738167501-05:00","level":"INFO","msg":"Syncing cookies to browser","cookie_count":0}
{"time":"2025-11-29T06:33:15.773659651-05:00","level":"INFO","msg":"Successfully synced cookies to browser"}
{"time":"2025-11-29T06:33:15.773673549-05:00","level":"INFO","msg":"Successfully synced state to browser"}
{"time":"2025-11-29T06:33:15.773677087-05:00","level":"INFO","msg":"Setting up state watchers"}
{"time":"2025-11-29T06:33:15.773682538-05:00","level":"INFO","msg":"Starting CDP watcher"}
{"time":"2025-11-29T06:33:15.789025326-05:00","level":"INFO","msg":"Created hidden monitoring target","target_id":"E2A33D8DD6BA72DDE7BEA157BF6F3C0A"}
{"time":"2025-11-29T06:33:15.789057286-05:00","level":"INFO","msg":"Using hidden target for monitoring (should not be visible)"}
{"time":"2025-11-29T06:33:15.789063599-05:00","level":"INFO","msg":"State watchers setup complete"}
{"time":"2025-11-29T06:33:15.789067419-05:00","level":"INFO","msg":"Waiting for browser to stabilize after cookie sync","delay":5000000000}
{"time":"2025-11-29T06:33:15.789081078-05:00","level":"INFO","msg":"Starting target monitoring"}
{"time":"2025-11-29T06:33:15.822004317-05:00","level":"INFO","msg":"Handling target","target_id":"622A30C49BD3262C18957220C7C84A9E","url":"chrome://newtab/"}
{"time":"2025-11-29T06:33:20.792166283-05:00","level":"INFO","msg":"Browser stabilization complete, cookie polling started with current state as baseline"}
{"time":"2025-11-29T06:33:20.792315257-05:00","level":"INFO","msg":"Starting cookie polling","interval":1000000000}
{"time":"2025-11-29T06:33:20.792376367-05:00","level":"INFO","msg":"Wrote sync ready marker","path":"/home/ubuntu/.config/state-sync/.sync-ready"}
{"time":"2025-11-29T06:33:20.792389901-05:00","level":"INFO","msg":"State sync service started successfully"}
{"time":"2025-11-29T06:33:20.792398444-05:00","level":"INFO","msg":"Started watching config file","path":"/home/ubuntu/.config/state-sync/state-sync-config.yaml"}
